{"D:\\DevPleno\\FullStack Master\\convertmymoney\\lib\\api-bcb.js": {"path":"D:\\DevPleno\\FullStack Master\\convertmymoney\\lib\\api-bcb.js","statementMap":{"0":{"start":{"line":1,"column":14},"end":{"line":1,"column":30}},"1":{"start":{"line":3,"column":15},"end":{"line":3,"column":237}},"2":{"start":{"line":3,"column":23},"end":{"line":3,"column":237}},"3":{"start":{"line":5,"column":22},"end":{"line":5,"column":43}},"4":{"start":{"line":5,"column":29},"end":{"line":5,"column":43}},"5":{"start":{"line":7,"column":23},"end":{"line":7,"column":60}},"6":{"start":{"line":7,"column":30},"end":{"line":7,"column":60}},"7":{"start":{"line":9,"column":17},"end":{"line":12,"column":1}},"8":{"start":{"line":10,"column":18},"end":{"line":10,"column":28}},"9":{"start":{"line":11,"column":4},"end":{"line":11,"column":85}},"10":{"start":{"line":15,"column":19},"end":{"line":25,"column":1}},"11":{"start":{"line":15,"column":74},"end":{"line":25,"column":1}},"12":{"start":{"line":16,"column":4},"end":{"line":24,"column":5}},"13":{"start":{"line":17,"column":22},"end":{"line":17,"column":32}},"14":{"start":{"line":18,"column":20},"end":{"line":18,"column":33}},"15":{"start":{"line":19,"column":20},"end":{"line":19,"column":44}},"16":{"start":{"line":20,"column":24},"end":{"line":20,"column":43}},"17":{"start":{"line":21,"column":8},"end":{"line":21,"column":22}},"18":{"start":{"line":23,"column":8},"end":{"line":23,"column":17}},"19":{"start":{"line":27,"column":0},"end":{"line":36,"column":1}}},"fnMap":{"0":{"name":"(anonymous_0)","decl":{"start":{"line":3,"column":15},"end":{"line":3,"column":16}},"loc":{"start":{"line":3,"column":23},"end":{"line":3,"column":237}},"line":3},"1":{"name":"(anonymous_1)","decl":{"start":{"line":5,"column":22},"end":{"line":5,"column":23}},"loc":{"start":{"line":5,"column":29},"end":{"line":5,"column":43}},"line":5},"2":{"name":"(anonymous_2)","decl":{"start":{"line":7,"column":23},"end":{"line":7,"column":24}},"loc":{"start":{"line":7,"column":30},"end":{"line":7,"column":60}},"line":7},"3":{"name":"(anonymous_3)","decl":{"start":{"line":9,"column":17},"end":{"line":9,"column":18}},"loc":{"start":{"line":9,"column":23},"end":{"line":12,"column":1}},"line":9},"4":{"name":"(anonymous_4)","decl":{"start":{"line":15,"column":19},"end":{"line":15,"column":20}},"loc":{"start":{"line":15,"column":74},"end":{"line":25,"column":1}},"line":15},"5":{"name":"(anonymous_5)","decl":{"start":{"line":15,"column":74},"end":{"line":15,"column":75}},"loc":{"start":{"line":15,"column":86},"end":{"line":25,"column":1}},"line":15}},"branchMap":{},"s":{"0":1,"1":1,"2":1,"3":1,"4":1,"5":1,"6":1,"7":1,"8":1,"9":1,"10":1,"11":2,"12":1,"13":1,"14":1,"15":1,"16":0,"17":0,"18":1,"19":1},"f":{"0":1,"1":1,"2":1,"3":1,"4":2,"5":1},"b":{},"_coverageSchema":"1a1c01bbd47fc00a2c39e90264f33305004495a9","hash":"9041f185826f1689e692b109186cd6f9936f73ef"}
,"D:\\DevPleno\\FullStack Master\\convertmymoney\\lib\\convert.js": {"path":"D:\\DevPleno\\FullStack Master\\convertmymoney\\lib\\convert.js","statementMap":{"0":{"start":{"line":1,"column":16},"end":{"line":1,"column":61}},"1":{"start":{"line":1,"column":41},"end":{"line":1,"column":61}},"2":{"start":{"line":3,"column":16},"end":{"line":3,"column":53}},"3":{"start":{"line":3,"column":25},"end":{"line":3,"column":53}},"4":{"start":{"line":5,"column":0},"end":{"line":8,"column":1}}},"fnMap":{"0":{"name":"(anonymous_0)","decl":{"start":{"line":1,"column":16},"end":{"line":1,"column":17}},"loc":{"start":{"line":1,"column":41},"end":{"line":1,"column":61}},"line":1},"1":{"name":"(anonymous_1)","decl":{"start":{"line":3,"column":16},"end":{"line":3,"column":17}},"loc":{"start":{"line":3,"column":25},"end":{"line":3,"column":53}},"line":3}},"branchMap":{},"s":{"0":1,"1":2,"2":1,"3":2,"4":1},"f":{"0":2,"1":2},"b":{},"_coverageSchema":"1a1c01bbd47fc00a2c39e90264f33305004495a9","hash":"aff34e95f27e28077f2e8545f64d5f925fe5cc45"}
}
